Determining if the pthread_create exist failed with the following output:
Change Dir: /home/victorvianna/Desktop/FaceTweaking/engine/CMakeFiles/CMakeTmp

Run Build Command:"/usr/bin/make" "cmTC_27834/fast"
/usr/bin/make -f CMakeFiles/cmTC_27834.dir/build.make CMakeFiles/cmTC_27834.dir/build
make[1]: Entering directory '/home/victorvianna/Desktop/FaceTweaking/engine/CMakeFiles/CMakeTmp'
Building C object CMakeFiles/cmTC_27834.dir/CheckSymbolExists.c.o
/usr/bin/cc    -o CMakeFiles/cmTC_27834.dir/CheckSymbolExists.c.o   -c /home/victorvianna/Desktop/FaceTweaking/engine/CMakeFiles/CMakeTmp/CheckSymbolExists.c
Linking C executable cmTC_27834
/usr/share/clion-2017.3.1/bin/cmake/bin/cmake -E cmake_link_script CMakeFiles/cmTC_27834.dir/link.txt --verbose=1
/usr/bin/cc      -rdynamic CMakeFiles/cmTC_27834.dir/CheckSymbolExists.c.o  -o cmTC_27834 
CMakeFiles/cmTC_27834.dir/CheckSymbolExists.c.o: In function `main':
CheckSymbolExists.c:(.text+0x1b): undefined reference to `pthread_create'
collect2: error: ld returned 1 exit status
CMakeFiles/cmTC_27834.dir/build.make:97: recipe for target 'cmTC_27834' failed
make[1]: *** [cmTC_27834] Error 1
make[1]: Leaving directory '/home/victorvianna/Desktop/FaceTweaking/engine/CMakeFiles/CMakeTmp'
Makefile:126: recipe for target 'cmTC_27834/fast' failed
make: *** [cmTC_27834/fast] Error 2

File /home/victorvianna/Desktop/FaceTweaking/engine/CMakeFiles/CMakeTmp/CheckSymbolExists.c:
/* */
#include <pthread.h>

int main(int argc, char** argv)
{
  (void)argv;
#ifndef pthread_create
  return ((int*)(&pthread_create))[argc];
#else
  (void)argc;
  return 0;
#endif
}

Determining if the function pthread_create exists in the pthreads failed with the following output:
Change Dir: /home/victorvianna/Desktop/FaceTweaking/engine/CMakeFiles/CMakeTmp

Run Build Command:"/usr/bin/make" "cmTC_9422c/fast"
/usr/bin/make -f CMakeFiles/cmTC_9422c.dir/build.make CMakeFiles/cmTC_9422c.dir/build
make[1]: Entering directory '/home/victorvianna/Desktop/FaceTweaking/engine/CMakeFiles/CMakeTmp'
Building C object CMakeFiles/cmTC_9422c.dir/CheckFunctionExists.c.o
/usr/bin/cc   -DCHECK_FUNCTION_EXISTS=pthread_create   -o CMakeFiles/cmTC_9422c.dir/CheckFunctionExists.c.o   -c /usr/share/clion-2017.3.1/bin/cmake/share/cmake-3.9/Modules/CheckFunctionExists.c
Linking C executable cmTC_9422c
/usr/share/clion-2017.3.1/bin/cmake/bin/cmake -E cmake_link_script CMakeFiles/cmTC_9422c.dir/link.txt --verbose=1
/usr/bin/cc  -DCHECK_FUNCTION_EXISTS=pthread_create    -rdynamic CMakeFiles/cmTC_9422c.dir/CheckFunctionExists.c.o  -o cmTC_9422c -lpthreads 
/usr/bin/ld: cannot find -lpthreads
collect2: error: ld returned 1 exit status
CMakeFiles/cmTC_9422c.dir/build.make:97: recipe for target 'cmTC_9422c' failed
make[1]: *** [cmTC_9422c] Error 1
make[1]: Leaving directory '/home/victorvianna/Desktop/FaceTweaking/engine/CMakeFiles/CMakeTmp'
Makefile:126: recipe for target 'cmTC_9422c/fast' failed
make: *** [cmTC_9422c/fast] Error 2


Determining if the function sgesv exists failed with the following output:
Change Dir: /home/victorvianna/Desktop/FaceTweaking/engine/CMakeFiles/CMakeTmp

Run Build Command:"/usr/bin/make" "cmTC_466f5/fast"
/usr/bin/make -f CMakeFiles/cmTC_466f5.dir/build.make CMakeFiles/cmTC_466f5.dir/build
make[1]: Entering directory '/home/victorvianna/Desktop/FaceTweaking/engine/CMakeFiles/CMakeTmp'
Building C object CMakeFiles/cmTC_466f5.dir/CheckFunctionExists.c.o
/usr/bin/cc   -DCHECK_FUNCTION_EXISTS=sgesv   -o CMakeFiles/cmTC_466f5.dir/CheckFunctionExists.c.o   -c /usr/share/clion-2017.3.1/bin/cmake/share/cmake-3.9/Modules/CheckFunctionExists.c
Linking C executable cmTC_466f5
/usr/share/clion-2017.3.1/bin/cmake/bin/cmake -E cmake_link_script CMakeFiles/cmTC_466f5.dir/link.txt --verbose=1
/usr/bin/cc  -DCHECK_FUNCTION_EXISTS=sgesv    -rdynamic CMakeFiles/cmTC_466f5.dir/CheckFunctionExists.c.o  -o cmTC_466f5 /usr/lib/x86_64-linux-gnu/liblapack.so 
CMakeFiles/cmTC_466f5.dir/CheckFunctionExists.c.o: In function `main':
CheckFunctionExists.c:(.text+0x10): undefined reference to `sgesv'
collect2: error: ld returned 1 exit status
CMakeFiles/cmTC_466f5.dir/build.make:98: recipe for target 'cmTC_466f5' failed
make[1]: *** [cmTC_466f5] Error 1
make[1]: Leaving directory '/home/victorvianna/Desktop/FaceTweaking/engine/CMakeFiles/CMakeTmp'
Makefile:126: recipe for target 'cmTC_466f5/fast' failed
make: *** [cmTC_466f5/fast] Error 2


