Determining if the pthread_create exist failed with the following output:
Change Dir: /home/barcik/workspace/Modal/git_Project/cmake-build-debug/CMakeFiles/CMakeTmp

Run Build Command:"/usr/bin/make" "cmTC_dfc4b/fast"
/usr/bin/make -f CMakeFiles/cmTC_dfc4b.dir/build.make CMakeFiles/cmTC_dfc4b.dir/build
make[1]: Entering directory '/home/barcik/workspace/Modal/git_Project/cmake-build-debug/CMakeFiles/CMakeTmp'
Building C object CMakeFiles/cmTC_dfc4b.dir/CheckSymbolExists.c.o
/usr/bin/cc    -o CMakeFiles/cmTC_dfc4b.dir/CheckSymbolExists.c.o   -c /home/barcik/workspace/Modal/git_Project/cmake-build-debug/CMakeFiles/CMakeTmp/CheckSymbolExists.c
Linking C executable cmTC_dfc4b
/home/barcik/clion-2017.3.2/bin/cmake/bin/cmake -E cmake_link_script CMakeFiles/cmTC_dfc4b.dir/link.txt --verbose=1
/usr/bin/cc      -rdynamic CMakeFiles/cmTC_dfc4b.dir/CheckSymbolExists.c.o  -o cmTC_dfc4b 
CMakeFiles/cmTC_dfc4b.dir/CheckSymbolExists.c.o: In function `main':
CheckSymbolExists.c:(.text+0x16): undefined reference to `pthread_create'
collect2: error: ld returned 1 exit status
CMakeFiles/cmTC_dfc4b.dir/build.make:97: recipe for target 'cmTC_dfc4b' failed
make[1]: *** [cmTC_dfc4b] Error 1
make[1]: Leaving directory '/home/barcik/workspace/Modal/git_Project/cmake-build-debug/CMakeFiles/CMakeTmp'
Makefile:126: recipe for target 'cmTC_dfc4b/fast' failed
make: *** [cmTC_dfc4b/fast] Error 2

File /home/barcik/workspace/Modal/git_Project/cmake-build-debug/CMakeFiles/CMakeTmp/CheckSymbolExists.c:
/* */
#include <pthread.h>

int main(int argc, char** argv)
{
  (void)argv;
#ifndef pthread_create
  return ((int*)(&pthread_create))[argc];
#else
  (void)argc;
  return 0;
#endif
}

Determining if the function pthread_create exists in the pthreads failed with the following output:
Change Dir: /home/barcik/workspace/Modal/git_Project/cmake-build-debug/CMakeFiles/CMakeTmp

Run Build Command:"/usr/bin/make" "cmTC_9e62a/fast"
/usr/bin/make -f CMakeFiles/cmTC_9e62a.dir/build.make CMakeFiles/cmTC_9e62a.dir/build
make[1]: Entering directory '/home/barcik/workspace/Modal/git_Project/cmake-build-debug/CMakeFiles/CMakeTmp'
Building C object CMakeFiles/cmTC_9e62a.dir/CheckFunctionExists.c.o
/usr/bin/cc   -DCHECK_FUNCTION_EXISTS=pthread_create   -o CMakeFiles/cmTC_9e62a.dir/CheckFunctionExists.c.o   -c /home/barcik/clion-2017.3.2/bin/cmake/share/cmake-3.9/Modules/CheckFunctionExists.c
Linking C executable cmTC_9e62a
/home/barcik/clion-2017.3.2/bin/cmake/bin/cmake -E cmake_link_script CMakeFiles/cmTC_9e62a.dir/link.txt --verbose=1
/usr/bin/cc  -DCHECK_FUNCTION_EXISTS=pthread_create    -rdynamic CMakeFiles/cmTC_9e62a.dir/CheckFunctionExists.c.o  -o cmTC_9e62a -lpthreads 
/usr/bin/ld: cannot find -lpthreads
collect2: error: ld returned 1 exit status
CMakeFiles/cmTC_9e62a.dir/build.make:97: recipe for target 'cmTC_9e62a' failed
make[1]: *** [cmTC_9e62a] Error 1
make[1]: Leaving directory '/home/barcik/workspace/Modal/git_Project/cmake-build-debug/CMakeFiles/CMakeTmp'
Makefile:126: recipe for target 'cmTC_9e62a/fast' failed
make: *** [cmTC_9e62a/fast] Error 2


Determining if the function sgesv exists failed with the following output:
Change Dir: /home/barcik/workspace/Modal/git_Project/cmake-build-debug/CMakeFiles/CMakeTmp

Run Build Command:"/usr/bin/make" "cmTC_e7d85/fast"
/usr/bin/make -f CMakeFiles/cmTC_e7d85.dir/build.make CMakeFiles/cmTC_e7d85.dir/build
make[1]: Entering directory '/home/barcik/workspace/Modal/git_Project/cmake-build-debug/CMakeFiles/CMakeTmp'
Building C object CMakeFiles/cmTC_e7d85.dir/CheckFunctionExists.c.o
/usr/bin/cc   -DCHECK_FUNCTION_EXISTS=sgesv   -o CMakeFiles/cmTC_e7d85.dir/CheckFunctionExists.c.o   -c /home/barcik/clion-2017.3.2/bin/cmake/share/cmake-3.9/Modules/CheckFunctionExists.c
Linking C executable cmTC_e7d85
/home/barcik/clion-2017.3.2/bin/cmake/bin/cmake -E cmake_link_script CMakeFiles/cmTC_e7d85.dir/link.txt --verbose=1
/usr/bin/cc  -DCHECK_FUNCTION_EXISTS=sgesv    -rdynamic CMakeFiles/cmTC_e7d85.dir/CheckFunctionExists.c.o  -o cmTC_e7d85 /usr/lib/liblapack.so 
CMakeFiles/cmTC_e7d85.dir/CheckFunctionExists.c.o: In function `main':
CheckFunctionExists.c:(.text+0x10): undefined reference to `sgesv'
collect2: error: ld returned 1 exit status
CMakeFiles/cmTC_e7d85.dir/build.make:98: recipe for target 'cmTC_e7d85' failed
make[1]: *** [cmTC_e7d85] Error 1
make[1]: Leaving directory '/home/barcik/workspace/Modal/git_Project/cmake-build-debug/CMakeFiles/CMakeTmp'
Makefile:126: recipe for target 'cmTC_e7d85/fast' failed
make: *** [cmTC_e7d85/fast] Error 2


Determining if the function sgetrf_single exists failed with the following output:
Change Dir: /home/barcik/workspace/Modal/git_Project/cmake-build-debug/CMakeFiles/CMakeTmp

Run Build Command:"/usr/bin/make" "cmTC_7e4c0/fast"
/usr/bin/make -f CMakeFiles/cmTC_7e4c0.dir/build.make CMakeFiles/cmTC_7e4c0.dir/build
make[1]: Entering directory '/home/barcik/workspace/Modal/git_Project/cmake-build-debug/CMakeFiles/CMakeTmp'
Building C object CMakeFiles/cmTC_7e4c0.dir/CheckFunctionExists.c.o
/usr/bin/cc   -DCHECK_FUNCTION_EXISTS=sgetrf_single   -o CMakeFiles/cmTC_7e4c0.dir/CheckFunctionExists.c.o   -c /home/barcik/clion-2017.3.2/bin/cmake/share/cmake-3.9/Modules/CheckFunctionExists.c
Linking C executable cmTC_7e4c0
/home/barcik/clion-2017.3.2/bin/cmake/bin/cmake -E cmake_link_script CMakeFiles/cmTC_7e4c0.dir/link.txt --verbose=1
/usr/bin/cc  -DCHECK_FUNCTION_EXISTS=sgetrf_single    -rdynamic CMakeFiles/cmTC_7e4c0.dir/CheckFunctionExists.c.o  -o cmTC_7e4c0 /usr/lib/libcblas.so 
CMakeFiles/cmTC_7e4c0.dir/CheckFunctionExists.c.o: In function `main':
CheckFunctionExists.c:(.text+0x10): undefined reference to `sgetrf_single'
collect2: error: ld returned 1 exit status
CMakeFiles/cmTC_7e4c0.dir/build.make:98: recipe for target 'cmTC_7e4c0' failed
make[1]: *** [cmTC_7e4c0] Error 1
make[1]: Leaving directory '/home/barcik/workspace/Modal/git_Project/cmake-build-debug/CMakeFiles/CMakeTmp'
Makefile:126: recipe for target 'cmTC_7e4c0/fast' failed
make: *** [cmTC_7e4c0/fast] Error 2


