Determining if the pthread_create exist failed with the following output:
Change Dir: /home/barcik/Repositorios/FaceTweaking/src/add-beard/cmake-build-debug/CMakeFiles/CMakeTmp

Run Build Command:"/usr/bin/make" "cmTC_ffc86/fast"
/usr/bin/make -f CMakeFiles/cmTC_ffc86.dir/build.make CMakeFiles/cmTC_ffc86.dir/build
make[1]: Entering directory '/home/barcik/Repositorios/FaceTweaking/src/add-beard/cmake-build-debug/CMakeFiles/CMakeTmp'
Building C object CMakeFiles/cmTC_ffc86.dir/CheckSymbolExists.c.o
/usr/bin/cc    -o CMakeFiles/cmTC_ffc86.dir/CheckSymbolExists.c.o   -c /home/barcik/Repositorios/FaceTweaking/src/add-beard/cmake-build-debug/CMakeFiles/CMakeTmp/CheckSymbolExists.c
Linking C executable cmTC_ffc86
/home/barcik/clion-2017.3.2/bin/cmake/bin/cmake -E cmake_link_script CMakeFiles/cmTC_ffc86.dir/link.txt --verbose=1
/usr/bin/cc      -rdynamic CMakeFiles/cmTC_ffc86.dir/CheckSymbolExists.c.o  -o cmTC_ffc86 
CMakeFiles/cmTC_ffc86.dir/CheckSymbolExists.c.o: In function `main':
CheckSymbolExists.c:(.text+0x16): undefined reference to `pthread_create'
collect2: error: ld returned 1 exit status
CMakeFiles/cmTC_ffc86.dir/build.make:97: recipe for target 'cmTC_ffc86' failed
make[1]: *** [cmTC_ffc86] Error 1
make[1]: Leaving directory '/home/barcik/Repositorios/FaceTweaking/src/add-beard/cmake-build-debug/CMakeFiles/CMakeTmp'
Makefile:126: recipe for target 'cmTC_ffc86/fast' failed
make: *** [cmTC_ffc86/fast] Error 2

File /home/barcik/Repositorios/FaceTweaking/src/add-beard/cmake-build-debug/CMakeFiles/CMakeTmp/CheckSymbolExists.c:
/* */
#include <pthread.h>

int main(int argc, char** argv)
{
  (void)argv;
#ifndef pthread_create
  return ((int*)(&pthread_create))[argc];
#else
  (void)argc;
  return 0;
#endif
}

Determining if the function pthread_create exists in the pthreads failed with the following output:
Change Dir: /home/barcik/Repositorios/FaceTweaking/src/add-beard/cmake-build-debug/CMakeFiles/CMakeTmp

Run Build Command:"/usr/bin/make" "cmTC_c46d2/fast"
/usr/bin/make -f CMakeFiles/cmTC_c46d2.dir/build.make CMakeFiles/cmTC_c46d2.dir/build
make[1]: Entering directory '/home/barcik/Repositorios/FaceTweaking/src/add-beard/cmake-build-debug/CMakeFiles/CMakeTmp'
Building C object CMakeFiles/cmTC_c46d2.dir/CheckFunctionExists.c.o
/usr/bin/cc   -DCHECK_FUNCTION_EXISTS=pthread_create   -o CMakeFiles/cmTC_c46d2.dir/CheckFunctionExists.c.o   -c /home/barcik/clion-2017.3.2/bin/cmake/share/cmake-3.9/Modules/CheckFunctionExists.c
Linking C executable cmTC_c46d2
/home/barcik/clion-2017.3.2/bin/cmake/bin/cmake -E cmake_link_script CMakeFiles/cmTC_c46d2.dir/link.txt --verbose=1
/usr/bin/cc  -DCHECK_FUNCTION_EXISTS=pthread_create    -rdynamic CMakeFiles/cmTC_c46d2.dir/CheckFunctionExists.c.o  -o cmTC_c46d2 -lpthreads 
/usr/bin/ld: cannot find -lpthreads
collect2: error: ld returned 1 exit status
CMakeFiles/cmTC_c46d2.dir/build.make:97: recipe for target 'cmTC_c46d2' failed
make[1]: *** [cmTC_c46d2] Error 1
make[1]: Leaving directory '/home/barcik/Repositorios/FaceTweaking/src/add-beard/cmake-build-debug/CMakeFiles/CMakeTmp'
Makefile:126: recipe for target 'cmTC_c46d2/fast' failed
make: *** [cmTC_c46d2/fast] Error 2


Determining if the function sgesv exists failed with the following output:
Change Dir: /home/barcik/Repositorios/FaceTweaking/src/add-beard/cmake-build-debug/CMakeFiles/CMakeTmp

Run Build Command:"/usr/bin/make" "cmTC_f137e/fast"
/usr/bin/make -f CMakeFiles/cmTC_f137e.dir/build.make CMakeFiles/cmTC_f137e.dir/build
make[1]: Entering directory '/home/barcik/Repositorios/FaceTweaking/src/add-beard/cmake-build-debug/CMakeFiles/CMakeTmp'
Building C object CMakeFiles/cmTC_f137e.dir/CheckFunctionExists.c.o
/usr/bin/cc   -DCHECK_FUNCTION_EXISTS=sgesv   -o CMakeFiles/cmTC_f137e.dir/CheckFunctionExists.c.o   -c /home/barcik/clion-2017.3.2/bin/cmake/share/cmake-3.9/Modules/CheckFunctionExists.c
Linking C executable cmTC_f137e
/home/barcik/clion-2017.3.2/bin/cmake/bin/cmake -E cmake_link_script CMakeFiles/cmTC_f137e.dir/link.txt --verbose=1
/usr/bin/cc  -DCHECK_FUNCTION_EXISTS=sgesv    -rdynamic CMakeFiles/cmTC_f137e.dir/CheckFunctionExists.c.o  -o cmTC_f137e /usr/lib/liblapack.so 
CMakeFiles/cmTC_f137e.dir/CheckFunctionExists.c.o: In function `main':
CheckFunctionExists.c:(.text+0x10): undefined reference to `sgesv'
collect2: error: ld returned 1 exit status
CMakeFiles/cmTC_f137e.dir/build.make:98: recipe for target 'cmTC_f137e' failed
make[1]: *** [cmTC_f137e] Error 1
make[1]: Leaving directory '/home/barcik/Repositorios/FaceTweaking/src/add-beard/cmake-build-debug/CMakeFiles/CMakeTmp'
Makefile:126: recipe for target 'cmTC_f137e/fast' failed
make: *** [cmTC_f137e/fast] Error 2


