Determining if the pthread_create exist failed with the following output:
Change Dir: /home/victorvianna/Desktop/FaceTweaking/features/eye-color/backup/cmake-build-debug/CMakeFiles/CMakeTmp

Run Build Command:"/usr/bin/make" "cmTC_bcace/fast"
/usr/bin/make -f CMakeFiles/cmTC_bcace.dir/build.make CMakeFiles/cmTC_bcace.dir/build
make[1]: Entering directory '/home/victorvianna/Desktop/FaceTweaking/features/eye-color/backup/cmake-build-debug/CMakeFiles/CMakeTmp'
Building C object CMakeFiles/cmTC_bcace.dir/CheckSymbolExists.c.o
/usr/bin/cc    -o CMakeFiles/cmTC_bcace.dir/CheckSymbolExists.c.o   -c /home/victorvianna/Desktop/FaceTweaking/features/eye-color/backup/cmake-build-debug/CMakeFiles/CMakeTmp/CheckSymbolExists.c
Linking C executable cmTC_bcace
/usr/share/clion-2017.3.1/bin/cmake/bin/cmake -E cmake_link_script CMakeFiles/cmTC_bcace.dir/link.txt --verbose=1
/usr/bin/cc      -rdynamic CMakeFiles/cmTC_bcace.dir/CheckSymbolExists.c.o  -o cmTC_bcace 
CMakeFiles/cmTC_bcace.dir/CheckSymbolExists.c.o: In function `main':
CheckSymbolExists.c:(.text+0x1b): undefined reference to `pthread_create'
collect2: error: ld returned 1 exit status
CMakeFiles/cmTC_bcace.dir/build.make:97: recipe for target 'cmTC_bcace' failed
make[1]: *** [cmTC_bcace] Error 1
make[1]: Leaving directory '/home/victorvianna/Desktop/FaceTweaking/features/eye-color/backup/cmake-build-debug/CMakeFiles/CMakeTmp'
Makefile:126: recipe for target 'cmTC_bcace/fast' failed
make: *** [cmTC_bcace/fast] Error 2

File /home/victorvianna/Desktop/FaceTweaking/features/eye-color/backup/cmake-build-debug/CMakeFiles/CMakeTmp/CheckSymbolExists.c:
/* */
#include <pthread.h>

int main(int argc, char** argv)
{
  (void)argv;
#ifndef pthread_create
  return ((int*)(&pthread_create))[argc];
#else
  (void)argc;
  return 0;
#endif
}

Determining if the function pthread_create exists in the pthreads failed with the following output:
Change Dir: /home/victorvianna/Desktop/FaceTweaking/features/eye-color/backup/cmake-build-debug/CMakeFiles/CMakeTmp

Run Build Command:"/usr/bin/make" "cmTC_e8647/fast"
/usr/bin/make -f CMakeFiles/cmTC_e8647.dir/build.make CMakeFiles/cmTC_e8647.dir/build
make[1]: Entering directory '/home/victorvianna/Desktop/FaceTweaking/features/eye-color/backup/cmake-build-debug/CMakeFiles/CMakeTmp'
Building C object CMakeFiles/cmTC_e8647.dir/CheckFunctionExists.c.o
/usr/bin/cc   -DCHECK_FUNCTION_EXISTS=pthread_create   -o CMakeFiles/cmTC_e8647.dir/CheckFunctionExists.c.o   -c /usr/share/clion-2017.3.1/bin/cmake/share/cmake-3.9/Modules/CheckFunctionExists.c
Linking C executable cmTC_e8647
/usr/share/clion-2017.3.1/bin/cmake/bin/cmake -E cmake_link_script CMakeFiles/cmTC_e8647.dir/link.txt --verbose=1
/usr/bin/cc  -DCHECK_FUNCTION_EXISTS=pthread_create    -rdynamic CMakeFiles/cmTC_e8647.dir/CheckFunctionExists.c.o  -o cmTC_e8647 -lpthreads 
/usr/bin/ld: cannot find -lpthreads
collect2: error: ld returned 1 exit status
CMakeFiles/cmTC_e8647.dir/build.make:97: recipe for target 'cmTC_e8647' failed
make[1]: *** [cmTC_e8647] Error 1
make[1]: Leaving directory '/home/victorvianna/Desktop/FaceTweaking/features/eye-color/backup/cmake-build-debug/CMakeFiles/CMakeTmp'
Makefile:126: recipe for target 'cmTC_e8647/fast' failed
make: *** [cmTC_e8647/fast] Error 2


Determining if the function sgesv exists failed with the following output:
Change Dir: /home/victorvianna/Desktop/FaceTweaking/features/eye-color/backup/cmake-build-debug/CMakeFiles/CMakeTmp

Run Build Command:"/usr/bin/make" "cmTC_7f3c4/fast"
/usr/bin/make -f CMakeFiles/cmTC_7f3c4.dir/build.make CMakeFiles/cmTC_7f3c4.dir/build
make[1]: Entering directory '/home/victorvianna/Desktop/FaceTweaking/features/eye-color/backup/cmake-build-debug/CMakeFiles/CMakeTmp'
Building C object CMakeFiles/cmTC_7f3c4.dir/CheckFunctionExists.c.o
/usr/bin/cc   -DCHECK_FUNCTION_EXISTS=sgesv   -o CMakeFiles/cmTC_7f3c4.dir/CheckFunctionExists.c.o   -c /usr/share/clion-2017.3.1/bin/cmake/share/cmake-3.9/Modules/CheckFunctionExists.c
Linking C executable cmTC_7f3c4
/usr/share/clion-2017.3.1/bin/cmake/bin/cmake -E cmake_link_script CMakeFiles/cmTC_7f3c4.dir/link.txt --verbose=1
/usr/bin/cc  -DCHECK_FUNCTION_EXISTS=sgesv    -rdynamic CMakeFiles/cmTC_7f3c4.dir/CheckFunctionExists.c.o  -o cmTC_7f3c4 /usr/lib/x86_64-linux-gnu/liblapack.so 
CMakeFiles/cmTC_7f3c4.dir/CheckFunctionExists.c.o: In function `main':
CheckFunctionExists.c:(.text+0x10): undefined reference to `sgesv'
collect2: error: ld returned 1 exit status
CMakeFiles/cmTC_7f3c4.dir/build.make:98: recipe for target 'cmTC_7f3c4' failed
make[1]: *** [cmTC_7f3c4] Error 1
make[1]: Leaving directory '/home/victorvianna/Desktop/FaceTweaking/features/eye-color/backup/cmake-build-debug/CMakeFiles/CMakeTmp'
Makefile:126: recipe for target 'cmTC_7f3c4/fast' failed
make: *** [cmTC_7f3c4/fast] Error 2


