Determining if the pthread_create exist failed with the following output:
Change Dir: /home/victorvianna/Desktop/FaceTweaking/src/eye-color/cmake-build-debug/CMakeFiles/CMakeTmp

Run Build Command:"/usr/bin/make" "cmTC_945e3/fast"
/usr/bin/make -f CMakeFiles/cmTC_945e3.dir/build.make CMakeFiles/cmTC_945e3.dir/build
make[1]: Entering directory '/home/victorvianna/Desktop/FaceTweaking/src/eye-color/cmake-build-debug/CMakeFiles/CMakeTmp'
Building C object CMakeFiles/cmTC_945e3.dir/CheckSymbolExists.c.o
/usr/bin/cc    -o CMakeFiles/cmTC_945e3.dir/CheckSymbolExists.c.o   -c /home/victorvianna/Desktop/FaceTweaking/src/eye-color/cmake-build-debug/CMakeFiles/CMakeTmp/CheckSymbolExists.c
Linking C executable cmTC_945e3
/usr/share/clion-2017.3.1/bin/cmake/bin/cmake -E cmake_link_script CMakeFiles/cmTC_945e3.dir/link.txt --verbose=1
/usr/bin/cc      -rdynamic CMakeFiles/cmTC_945e3.dir/CheckSymbolExists.c.o  -o cmTC_945e3 
CMakeFiles/cmTC_945e3.dir/CheckSymbolExists.c.o: In function `main':
CheckSymbolExists.c:(.text+0x16): undefined reference to `pthread_create'
collect2: error: ld returned 1 exit status
CMakeFiles/cmTC_945e3.dir/build.make:97: recipe for target 'cmTC_945e3' failed
make[1]: *** [cmTC_945e3] Error 1
make[1]: Leaving directory '/home/victorvianna/Desktop/FaceTweaking/src/eye-color/cmake-build-debug/CMakeFiles/CMakeTmp'
Makefile:126: recipe for target 'cmTC_945e3/fast' failed
make: *** [cmTC_945e3/fast] Error 2

File /home/victorvianna/Desktop/FaceTweaking/src/eye-color/cmake-build-debug/CMakeFiles/CMakeTmp/CheckSymbolExists.c:
/* */
#include <pthread.h>

int main(int argc, char** argv)
{
  (void)argv;
#ifndef pthread_create
  return ((int*)(&pthread_create))[argc];
#else
  (void)argc;
  return 0;
#endif
}

Determining if the function pthread_create exists in the pthreads failed with the following output:
Change Dir: /home/victorvianna/Desktop/FaceTweaking/src/eye-color/cmake-build-debug/CMakeFiles/CMakeTmp

Run Build Command:"/usr/bin/make" "cmTC_e5d7a/fast"
/usr/bin/make -f CMakeFiles/cmTC_e5d7a.dir/build.make CMakeFiles/cmTC_e5d7a.dir/build
make[1]: Entering directory '/home/victorvianna/Desktop/FaceTweaking/src/eye-color/cmake-build-debug/CMakeFiles/CMakeTmp'
Building C object CMakeFiles/cmTC_e5d7a.dir/CheckFunctionExists.c.o
/usr/bin/cc   -DCHECK_FUNCTION_EXISTS=pthread_create   -o CMakeFiles/cmTC_e5d7a.dir/CheckFunctionExists.c.o   -c /usr/share/clion-2017.3.1/bin/cmake/share/cmake-3.9/Modules/CheckFunctionExists.c
Linking C executable cmTC_e5d7a
/usr/share/clion-2017.3.1/bin/cmake/bin/cmake -E cmake_link_script CMakeFiles/cmTC_e5d7a.dir/link.txt --verbose=1
/usr/bin/cc  -DCHECK_FUNCTION_EXISTS=pthread_create    -rdynamic CMakeFiles/cmTC_e5d7a.dir/CheckFunctionExists.c.o  -o cmTC_e5d7a -lpthreads 
/usr/bin/ld: cannot find -lpthreads
collect2: error: ld returned 1 exit status
CMakeFiles/cmTC_e5d7a.dir/build.make:97: recipe for target 'cmTC_e5d7a' failed
make[1]: *** [cmTC_e5d7a] Error 1
make[1]: Leaving directory '/home/victorvianna/Desktop/FaceTweaking/src/eye-color/cmake-build-debug/CMakeFiles/CMakeTmp'
Makefile:126: recipe for target 'cmTC_e5d7a/fast' failed
make: *** [cmTC_e5d7a/fast] Error 2


