Determining if the pthread_create exist failed with the following output:
Change Dir: /home/victorvianna/Desktop/FaceTweaking/src/eye-detection/cmake-build-debug/CMakeFiles/CMakeTmp

Run Build Command:"/usr/bin/make" "cmTC_60c82/fast"
make[1]: Entering directory '/home/victorvianna/Desktop/FaceTweaking/src/eye-detection/cmake-build-debug/CMakeFiles/CMakeTmp'
/usr/bin/make -f CMakeFiles/cmTC_60c82.dir/build.make CMakeFiles/cmTC_60c82.dir/build
make[2]: Entering directory '/home/victorvianna/Desktop/FaceTweaking/src/eye-detection/cmake-build-debug/CMakeFiles/CMakeTmp'
Building C object CMakeFiles/cmTC_60c82.dir/CheckSymbolExists.c.o
/usr/bin/cc    -o CMakeFiles/cmTC_60c82.dir/CheckSymbolExists.c.o   -c /home/victorvianna/Desktop/FaceTweaking/src/eye-detection/cmake-build-debug/CMakeFiles/CMakeTmp/CheckSymbolExists.c
Linking C executable cmTC_60c82
/usr/share/clion-2017.3.1/bin/cmake/bin/cmake -E cmake_link_script CMakeFiles/cmTC_60c82.dir/link.txt --verbose=1
/usr/bin/cc      -rdynamic CMakeFiles/cmTC_60c82.dir/CheckSymbolExists.c.o  -o cmTC_60c82 
CMakeFiles/cmTC_60c82.dir/CheckSymbolExists.c.o: In function `main':
CheckSymbolExists.c:(.text+0x16): undefined reference to `pthread_create'
collect2: error: ld returned 1 exit status
CMakeFiles/cmTC_60c82.dir/build.make:97: recipe for target 'cmTC_60c82' failed
make[2]: *** [cmTC_60c82] Error 1
make[2]: Leaving directory '/home/victorvianna/Desktop/FaceTweaking/src/eye-detection/cmake-build-debug/CMakeFiles/CMakeTmp'
Makefile:126: recipe for target 'cmTC_60c82/fast' failed
make[1]: *** [cmTC_60c82/fast] Error 2
make[1]: Leaving directory '/home/victorvianna/Desktop/FaceTweaking/src/eye-detection/cmake-build-debug/CMakeFiles/CMakeTmp'

File /home/victorvianna/Desktop/FaceTweaking/src/eye-detection/cmake-build-debug/CMakeFiles/CMakeTmp/CheckSymbolExists.c:
/* */
#include <pthread.h>

int main(int argc, char** argv)
{
  (void)argv;
#ifndef pthread_create
  return ((int*)(&pthread_create))[argc];
#else
  (void)argc;
  return 0;
#endif
}

Determining if the function pthread_create exists in the pthreads failed with the following output:
Change Dir: /home/victorvianna/Desktop/FaceTweaking/src/eye-detection/cmake-build-debug/CMakeFiles/CMakeTmp

Run Build Command:"/usr/bin/make" "cmTC_60a47/fast"
make[1]: Entering directory '/home/victorvianna/Desktop/FaceTweaking/src/eye-detection/cmake-build-debug/CMakeFiles/CMakeTmp'
/usr/bin/make -f CMakeFiles/cmTC_60a47.dir/build.make CMakeFiles/cmTC_60a47.dir/build
make[2]: Entering directory '/home/victorvianna/Desktop/FaceTweaking/src/eye-detection/cmake-build-debug/CMakeFiles/CMakeTmp'
Building C object CMakeFiles/cmTC_60a47.dir/CheckFunctionExists.c.o
/usr/bin/cc   -DCHECK_FUNCTION_EXISTS=pthread_create   -o CMakeFiles/cmTC_60a47.dir/CheckFunctionExists.c.o   -c /usr/share/clion-2017.3.1/bin/cmake/share/cmake-3.9/Modules/CheckFunctionExists.c
Linking C executable cmTC_60a47
/usr/share/clion-2017.3.1/bin/cmake/bin/cmake -E cmake_link_script CMakeFiles/cmTC_60a47.dir/link.txt --verbose=1
/usr/bin/cc  -DCHECK_FUNCTION_EXISTS=pthread_create    -rdynamic CMakeFiles/cmTC_60a47.dir/CheckFunctionExists.c.o  -o cmTC_60a47 -lpthreads 
/usr/bin/ld: cannot find -lpthreads
collect2: error: ld returned 1 exit status
CMakeFiles/cmTC_60a47.dir/build.make:97: recipe for target 'cmTC_60a47' failed
make[2]: *** [cmTC_60a47] Error 1
make[2]: Leaving directory '/home/victorvianna/Desktop/FaceTweaking/src/eye-detection/cmake-build-debug/CMakeFiles/CMakeTmp'
Makefile:126: recipe for target 'cmTC_60a47/fast' failed
make[1]: *** [cmTC_60a47/fast] Error 2
make[1]: Leaving directory '/home/victorvianna/Desktop/FaceTweaking/src/eye-detection/cmake-build-debug/CMakeFiles/CMakeTmp'


