Determining if the pthread_create exist failed with the following output:
Change Dir: /home/victorvianna/Desktop/FaceTweaking/src/add-glasses/cmake-build-debug/CMakeFiles/CMakeTmp

Run Build Command:"/usr/bin/make" "cmTC_ffc83/fast"
make[1]: Entering directory '/home/victorvianna/Desktop/FaceTweaking/src/add-glasses/cmake-build-debug/CMakeFiles/CMakeTmp'
/usr/bin/make -f CMakeFiles/cmTC_ffc83.dir/build.make CMakeFiles/cmTC_ffc83.dir/build
make[2]: Entering directory '/home/victorvianna/Desktop/FaceTweaking/src/add-glasses/cmake-build-debug/CMakeFiles/CMakeTmp'
Building C object CMakeFiles/cmTC_ffc83.dir/CheckSymbolExists.c.o
/usr/bin/cc    -o CMakeFiles/cmTC_ffc83.dir/CheckSymbolExists.c.o   -c /home/victorvianna/Desktop/FaceTweaking/src/add-glasses/cmake-build-debug/CMakeFiles/CMakeTmp/CheckSymbolExists.c
Linking C executable cmTC_ffc83
/usr/share/clion-2017.3.1/bin/cmake/bin/cmake -E cmake_link_script CMakeFiles/cmTC_ffc83.dir/link.txt --verbose=1
/usr/bin/cc      -rdynamic CMakeFiles/cmTC_ffc83.dir/CheckSymbolExists.c.o  -o cmTC_ffc83 
CMakeFiles/cmTC_ffc83.dir/CheckSymbolExists.c.o: In function `main':
CheckSymbolExists.c:(.text+0x16): undefined reference to `pthread_create'
collect2: error: ld returned 1 exit status
CMakeFiles/cmTC_ffc83.dir/build.make:97: recipe for target 'cmTC_ffc83' failed
make[2]: *** [cmTC_ffc83] Error 1
make[2]: Leaving directory '/home/victorvianna/Desktop/FaceTweaking/src/add-glasses/cmake-build-debug/CMakeFiles/CMakeTmp'
Makefile:126: recipe for target 'cmTC_ffc83/fast' failed
make[1]: *** [cmTC_ffc83/fast] Error 2
make[1]: Leaving directory '/home/victorvianna/Desktop/FaceTweaking/src/add-glasses/cmake-build-debug/CMakeFiles/CMakeTmp'

File /home/victorvianna/Desktop/FaceTweaking/src/add-glasses/cmake-build-debug/CMakeFiles/CMakeTmp/CheckSymbolExists.c:
/* */
#include <pthread.h>

int main(int argc, char** argv)
{
  (void)argv;
#ifndef pthread_create
  return ((int*)(&pthread_create))[argc];
#else
  (void)argc;
  return 0;
#endif
}

Determining if the function pthread_create exists in the pthreads failed with the following output:
Change Dir: /home/victorvianna/Desktop/FaceTweaking/src/add-glasses/cmake-build-debug/CMakeFiles/CMakeTmp

Run Build Command:"/usr/bin/make" "cmTC_0d5e8/fast"
make[1]: Entering directory '/home/victorvianna/Desktop/FaceTweaking/src/add-glasses/cmake-build-debug/CMakeFiles/CMakeTmp'
/usr/bin/make -f CMakeFiles/cmTC_0d5e8.dir/build.make CMakeFiles/cmTC_0d5e8.dir/build
make[2]: Entering directory '/home/victorvianna/Desktop/FaceTweaking/src/add-glasses/cmake-build-debug/CMakeFiles/CMakeTmp'
Building C object CMakeFiles/cmTC_0d5e8.dir/CheckFunctionExists.c.o
/usr/bin/cc   -DCHECK_FUNCTION_EXISTS=pthread_create   -o CMakeFiles/cmTC_0d5e8.dir/CheckFunctionExists.c.o   -c /usr/share/clion-2017.3.1/bin/cmake/share/cmake-3.9/Modules/CheckFunctionExists.c
Linking C executable cmTC_0d5e8
/usr/share/clion-2017.3.1/bin/cmake/bin/cmake -E cmake_link_script CMakeFiles/cmTC_0d5e8.dir/link.txt --verbose=1
/usr/bin/cc  -DCHECK_FUNCTION_EXISTS=pthread_create    -rdynamic CMakeFiles/cmTC_0d5e8.dir/CheckFunctionExists.c.o  -o cmTC_0d5e8 -lpthreads 
/usr/bin/ld: cannot find -lpthreads
collect2: error: ld returned 1 exit status
CMakeFiles/cmTC_0d5e8.dir/build.make:97: recipe for target 'cmTC_0d5e8' failed
make[2]: *** [cmTC_0d5e8] Error 1
make[2]: Leaving directory '/home/victorvianna/Desktop/FaceTweaking/src/add-glasses/cmake-build-debug/CMakeFiles/CMakeTmp'
Makefile:126: recipe for target 'cmTC_0d5e8/fast' failed
make[1]: *** [cmTC_0d5e8/fast] Error 2
make[1]: Leaving directory '/home/victorvianna/Desktop/FaceTweaking/src/add-glasses/cmake-build-debug/CMakeFiles/CMakeTmp'


